
RCS file: MNI/RCS/Spawn.pod,v
Working file: MNI/Spawn.pod
head: 1.12
branch:
locks: strict
access list:
symbolic names:
	mni_perllib_v0_04: 1.8
keyword substitution: kv
total revisions: 12;	selected revisions: 5
description:
Documentation for Spawn.pm.
----------------------------
revision 1.12
date: 1997/10/01 20:49:47;  author: greg;  state: Exp;  lines: +6 -0
Added mention of autoflush when redirecting to a filehandle.
----------------------------
revision 1.11
date: 1997/10/01 20:47:53;  author: greg;  state: Exp;  lines: +36 -15
Documented the "hash ref" mode of RegisterPrograms.
----------------------------
revision 1.10
date: 1997/10/01 19:37:18;  author: greg;  state: Exp;  lines: +40 -10
Rewrote the "Redirection to a file (or filehandle)" section.
----------------------------
revision 1.9
date: 1997/09/25 20:02:54;  author: greg;  state: Exp;  lines: +31 -3
Added the "interface to MNI::Startup" section on the `suppress_announce'
environment variable conspiracy.
----------------------------
revision 1.8
date: 1997/08/28 00:31:01;  author: greg;  state: Rel;  lines: +54 -26
Fixed all the "=item *" so they work with pod2latex.
=============================================================================
